<?xml version="1.0" encoding="UTF-8"?>
<testng-results ignored="0" total="1" passed="1" failed="0" skipped="0">
  <reporter-output>
  </reporter-output>
  <suite started-at="2024-09-19T22:03:43 IST" name="Default suite" finished-at="2024-09-19T22:03:58 IST" duration-ms="15242">
    <groups>
    </groups>
    <test started-at="2024-09-19T22:03:43 IST" name="Default test" finished-at="2024-09-19T22:03:58 IST" duration-ms="15242">
      <class name="Ecommerce.electronics.MultipleElectronics">
        <test-method signature="ecommerce(java.util.HashMap)[pri:0, instance:Ecommerce.electronics.MultipleElectronics@8f2ef19]" started-at="2024-09-19T22:03:43 IST" name="ecommerce" data-provider="dataprovider" finished-at="2024-09-19T22:03:58 IST" duration-ms="14840" status="PASS">
          <params>
            <param index="0">
              <value>
                <![CDATA[{password=learning, email=rahulshettyacademy}]]>
              </value>
            </param>
          </params>
          <reporter-output>
          </reporter-output>
        </test-method> <!-- ecommerce -->
        <test-method is-config="true" signature="aftermethod()[pri:0, instance:Ecommerce.electronics.MultipleElectronics@8f2ef19]" started-at="2024-09-19T22:03:58 IST" name="aftermethod" finished-at="2024-09-19T22:03:58 IST" duration-ms="331" status="PASS">
          <reporter-output>
          </reporter-output>
        </test-method> <!-- aftermethod -->
      </class> <!-- Ecommerce.electronics.MultipleElectronics -->
    </test> <!-- Default test -->
  </suite> <!-- Default suite -->
</testng-results>
