<?xml version="1.0" encoding="UTF-8"?>
<!-- Generated by org.testng.reporters.JUnitXMLReporter -->
<testsuite ignored="5" hostname="MPARTHA" failures="0" tests="3" name="Test" time="0.089" errors="0" timestamp="2024-06-01T16:41:19 IST">
  <testcase classname="testpackage.Homeloan" name="homemobileapp" time="0.01"/>
  <testcase classname="testpackage.Basics1" name="demo2" time="0.002"/>
  <testcase classname="testpackage.Carloan" name="Carweb" time="0.002"/>
  <testcase classname="testpackage.Basics1" name="demo" time="0.0">
    <ignored/>
  </testcase> <!-- demo -->
  <testcase classname="testpackage.Homeloan" name="LoginAPI" time="0.0">
    <ignored/>
  </testcase> <!-- LoginAPI -->
  <testcase classname="testpackage.Carloan" name="CarAPI" time="0.0">
    <ignored/>
  </testcase> <!-- CarAPI -->
  <testcase classname="testpackage.Carloan" name="mobileapp" time="0.0">
    <ignored/>
  </testcase> <!-- mobileapp -->
  <testcase classname="testpackage.Homeloan" name="homewebapp" time="0.0">
    <ignored/>
  </testcase> <!-- homewebapp -->
</testsuite> <!-- Test -->
