<?xml version="1.0" encoding="UTF-8"?>
<!-- Generated by org.testng.reporters.JUnitXMLReporter -->
<testsuite ignored="0" hostname="MPARTHA" failures="0" tests="5" name="Default test" time="0.032" errors="0" timestamp="2024-06-02T15:47:52 IST">
  <testcase classname="testpackage.Carloan" name="CarAPI" time="0.003"/>
  <testcase classname="testpackage.Carloan" name="CarAPI" time="0.0"/>
  <testcase classname="testpackage.Carloan" name="CarAPI" time="0.0"/>
  <testcase classname="testpackage.Carloan" name="Web" time="0.001"/>
  <testcase classname="testpackage.Carloan" name="mobileapp" time="0.0"/>
</testsuite> <!-- Default test -->
