<?xml version="1.0" encoding="UTF-8"?>
<testng-results ignored="0" total="2" passed="2" failed="0" skipped="0">
  <reporter-output>
  </reporter-output>
  <suite started-at="2024-11-29T21:33:03 IST" name="Suite" finished-at="2024-11-29T21:33:03 IST" duration-ms="56">
    <groups>
    </groups>
    <test started-at="2024-11-29T21:33:03 IST" name="Test" finished-at="2024-11-29T21:33:03 IST" duration-ms="56">
      <class name="Madhavanacademy.MavenJava.seleniumTest">
        <test-method signature="browserautomation()[pri:0, instance:Madhavanacademy.MavenJava.seleniumTest@28eaa59a]" started-at="2024-11-29T21:33:03 IST" name="browserautomation" finished-at="2024-11-29T21:33:03 IST" duration-ms="7" status="PASS">
          <reporter-output>
          </reporter-output>
        </test-method> <!-- browserautomation -->
        <test-method signature="elementsUi()[pri:0, instance:Madhavanacademy.MavenJava.seleniumTest@28eaa59a]" started-at="2024-11-29T21:33:03 IST" name="elementsUi" finished-at="2024-11-29T21:33:03 IST" duration-ms="1" status="PASS">
          <reporter-output>
          </reporter-output>
        </test-method> <!-- elementsUi -->
      </class> <!-- Madhavanacademy.MavenJava.seleniumTest -->
    </test> <!-- Test -->
  </suite> <!-- Suite -->
</testng-results>
