<?xml version="1.0" encoding="UTF-8"?>
<!-- Generated by org.testng.reporters.JUnitXMLReporter -->
<testsuite ignored="0" hostname="MPARTHA" failures="0" tests="3" name="Default test" time="0.783" errors="0" timestamp="2024-10-19T21:32:37 IST">
  <testcase classname="Datadriven.ExcelintegrationwithTestNG.Dataprovider" name="testCaseData" time="0.01"/>
  <testcase classname="Datadriven.ExcelintegrationwithTestNG.Dataprovider" name="testCaseData" time="0.002"/>
  <testcase classname="Datadriven.ExcelintegrationwithTestNG.Dataprovider" name="testCaseData" time="0.003"/>
</testsuite> <!-- Default test -->
