<?xml version="1.0" encoding="UTF-8"?>
<!-- Generated by org.testng.reporters.JUnitXMLReporter -->
<testsuite ignored="0" hostname="MPARTHA" failures="0" tests="4" name="Education loan" time="0.075" errors="0" timestamp="2024-06-03T19:44:03 IST">
  <testcase classname="testpackage.EducationLoan" name="PLAPI" time="0.007"/>
  <testcase classname="testpackage.EducationLoan" name="PLAPI" time="0.005"/>
  <testcase classname="testpackage.EducationLoan" name="PLMobile" time="0.002"/>
  <testcase classname="testpackage.EducationLoan" name="PLWeb" time="0.002"/>
</testsuite> <!-- Education loan -->
