<?xml version="1.0" encoding="UTF-8"?>
<!-- Generated by org.testng.reporters.JUnitXMLReporter -->
<testsuite ignored="2" hostname="MPARTHA" failures="0" tests="1" name="Home Loan" time="0.009" errors="0" timestamp="2024-06-03T19:13:59 IST">
  <testcase classname="testpackage.EducationLoan" name="APLMobile" time="0.002"/>
  <testcase classname="testpackage.EducationLoan" name="PLAPI" time="0.0">
    <ignored/>
  </testcase> <!-- PLAPI -->
  <testcase classname="testpackage.EducationLoan" name="PLWeb" time="0.0">
    <ignored/>
  </testcase> <!-- PLWeb -->
</testsuite> <!-- Home Loan -->
