<?xml version="1.0" encoding="UTF-8"?>
<!-- Generated by org.testng.reporters.JUnitXMLReporter -->
<testsuite ignored="0" hostname="MPARTHA" failures="1" tests="3" name="Perosonal Loan" time="0.076" errors="0" timestamp="2024-06-03T19:44:03 IST">
  <testcase classname="testpackage.PersonalLoan" name="PLAPI" time="0.011">
    <failure type="java.lang.AssertionError" message="expected [true] but found [false]">
      <![CDATA[java.lang.AssertionError: expected [true] but found [false]
at testpackage.PersonalLoan.PLAPI(PersonalLoan.java:39)
at java.base/java.util.ArrayList.forEach(ArrayList.java:1511)
at java.base/java.util.concurrent.FutureTask.run(FutureTask.java:264)
at java.base/java.util.concurrent.ThreadPoolExecutor.runWorker(ThreadPoolExecutor.java:1136)
at java.base/java.util.concurrent.ThreadPoolExecutor$Worker.run(ThreadPoolExecutor.java:635)
at java.base/java.lang.Thread.run(Thread.java:840)
... Removed 22 stack frames]]>
    </failure>
  </testcase> <!-- PLAPI -->
  <testcase classname="testpackage.PersonalLoan" name="PLMobile" time="0.001"/>
  <testcase classname="testpackage.PersonalLoan" name="PLWeb" time="0.001"/>
</testsuite> <!-- Perosonal Loan -->
