<?xml version="1.0" encoding="UTF-8"?>
<testng-results ignored="0" total="3" passed="3" failed="0" skipped="0">
  <reporter-output>
  </reporter-output>
  <suite started-at="2024-10-19T21:32:36 IST" name="Default suite" finished-at="2024-10-19T21:32:37 IST" duration-ms="783">
    <groups>
    </groups>
    <test started-at="2024-10-19T21:32:36 IST" name="Default test" finished-at="2024-10-19T21:32:37 IST" duration-ms="783">
      <class name="Datadriven.ExcelintegrationwithTestNG.Dataprovider">
        <test-method signature="testCaseData(java.lang.String,java.lang.String,java.lang.String)[pri:0, instance:Datadriven.ExcelintegrationwithTestNG.Dataprovider@7d900ecf]" started-at="2024-10-19T21:32:37 IST" name="testCaseData" data-provider="drivetest" finished-at="2024-10-19T21:32:37 IST" duration-ms="10" status="PASS">
          <params>
            <param index="0">
              <value>
                <![CDATA[Hello]]>
              </value>
            </param>
            <param index="1">
              <value>
                <![CDATA[SMS]]>
              </value>
            </param>
            <param index="2">
              <value>
                <![CDATA[1995]]>
              </value>
            </param>
          </params>
          <reporter-output>
          </reporter-output>
        </test-method> <!-- testCaseData -->
        <test-method signature="testCaseData(java.lang.String,java.lang.String,java.lang.String)[pri:0, instance:Datadriven.ExcelintegrationwithTestNG.Dataprovider@7d900ecf]" started-at="2024-10-19T21:32:37 IST" name="testCaseData" data-provider="drivetest" finished-at="2024-10-19T21:32:37 IST" duration-ms="2" status="PASS">
          <params>
            <param index="0">
              <value>
                <![CDATA[Hru]]>
              </value>
            </param>
            <param index="1">
              <value>
                <![CDATA[MMS]]>
              </value>
            </param>
            <param index="2">
              <value>
                <![CDATA[2000]]>
              </value>
            </param>
          </params>
          <reporter-output>
          </reporter-output>
        </test-method> <!-- testCaseData -->
        <test-method signature="testCaseData(java.lang.String,java.lang.String,java.lang.String)[pri:0, instance:Datadriven.ExcelintegrationwithTestNG.Dataprovider@7d900ecf]" started-at="2024-10-19T21:32:37 IST" name="testCaseData" data-provider="drivetest" finished-at="2024-10-19T21:32:37 IST" duration-ms="3" status="PASS">
          <params>
            <param index="0">
              <value>
                <![CDATA[Bye]]>
              </value>
            </param>
            <param index="1">
              <value>
                <![CDATA[Whatsapp]]>
              </value>
            </param>
            <param index="2">
              <value>
                <![CDATA[2010]]>
              </value>
            </param>
          </params>
          <reporter-output>
          </reporter-output>
        </test-method> <!-- testCaseData -->
      </class> <!-- Datadriven.ExcelintegrationwithTestNG.Dataprovider -->
    </test> <!-- Default test -->
  </suite> <!-- Default suite -->
</testng-results>
