<?xml version="1.0" encoding="UTF-8"?>
<testng-results total="1" passed="1" failed="0" skipped="0">
  <reporter-output>
  </reporter-output>
  <suite started-at="2024-11-02T08:55:45Z" name="Default suite" finished-at="2024-11-02T08:55:51Z" duration-ms="5688">
    <groups>
    </groups>
    <test started-at="2024-11-02T08:55:45Z" name="Default test" finished-at="2024-11-02T08:55:51Z" duration-ms="5688">
      <class name="demoJava1.Reddifmail">
        <test-method signature="usercreation()[pri:0, instance:demoJava1.Reddifmail@6cc558c6]" started-at="2024-11-02T14:25:45Z" name="usercreation" finished-at="2024-11-02T14:25:51Z" duration-ms="5662" status="PASS">
          <reporter-output>
          </reporter-output>
        </test-method> <!-- usercreation -->
      </class> <!-- demoJava1.Reddifmail -->
    </test> <!-- Default test -->
  </suite> <!-- Default suite -->
</testng-results>
