<?xml version="1.0" encoding="UTF-8"?>
<!-- Generated by org.testng.reporters.JUnitXMLReporter -->
<testsuite ignored="0" hostname="MPARTHA" failures="0" tests="4" name="Default test" time="0.739" errors="0" timestamp="2024-10-19T21:34:49 IST">
  <testcase classname="ExcelandTestNG.Dataprovider.excelTesNG" name="getData" time="0.016"/>
  <testcase classname="ExcelandTestNG.Dataprovider.excelTesNG" name="getData" time="0.0"/>
  <testcase classname="ExcelandTestNG.Dataprovider.excelTesNG" name="getData" time="0.0"/>
  <testcase classname="ExcelandTestNG.Dataprovider.excelTesNG" name="getData" time="0.0"/>
</testsuite> <!-- Default test -->
