<?xml version="1.0" encoding="UTF-8"?>
<!-- Generated by org.testng.reporters.JUnitXMLReporter -->
<testsuite ignored="0" hostname="MPARTHA" failures="1" tests="5" name="Carloan" time="0.091" errors="0" timestamp="2024-06-02T18:58:11 IST">
  <testcase classname="testpackage.Carloan" name="CarAPI" time="0.013">
    <failure type="java.lang.AssertionError" message="expected [true] but found [false]">
      <![CDATA[java.lang.AssertionError: expected [true] but found [false]
at testpackage.Carloan.CarAPI(Carloan.java:34)
at java.base/java.util.ArrayList.forEach(ArrayList.java:1511)
at java.base/java.util.concurrent.FutureTask.run(FutureTask.java:264)
at java.base/java.util.concurrent.ThreadPoolExecutor.runWorker(ThreadPoolExecutor.java:1136)
at java.base/java.util.concurrent.ThreadPoolExecutor$Worker.run(ThreadPoolExecutor.java:635)
at java.base/java.lang.Thread.run(Thread.java:840)
... Removed 22 stack frames]]>
    </failure>
  </testcase> <!-- CarAPI -->
  <testcase classname="testpackage.Carloan" name="Web" time="0.001"/>
  <testcase classname="testpackage.Carloan" name="Web" time="0.002"/>
  <testcase classname="testpackage.Carloan" name="Web" time="0.002"/>
  <testcase classname="testpackage.Carloan" name="mobileapp" time="0.002"/>
</testsuite> <!-- Carloan -->
