<?xml version="1.0" encoding="UTF-8"?>
<!-- Generated by org.testng.reporters.JUnitXMLReporter -->
<testsuite ignored="0" hostname="MPARTHA" failures="0" tests="6" name="Surefire test" time="0.063" errors="0" timestamp="2024-11-29T21:32:43 IST">
  <testcase classname="Madhavanacademy.MavenJava.mobileautomationTest" name="nativeappAndriod" time="0.007"/>
  <testcase classname="Madhavanacademy.MavenJava.mobileautomationTest" name="nativeappIos" time="0.001"/>
  <testcase classname="Madhavanacademy.MavenJava.RestAPITest" name="deletetwitter" time="0.002"/>
  <testcase classname="Madhavanacademy.MavenJava.RestAPITest" name="postJIRA" time="0.001"/>
  <testcase classname="Madhavanacademy.MavenJava.seleniumTest" name="browserautomation" time="0.001"/>
  <testcase classname="Madhavanacademy.MavenJava.seleniumTest" name="elementsUi" time="0.001"/>
</testsuite> <!-- Surefire test -->
