<?xml version="1.0" encoding="UTF-8"?>
<testng-results ignored="0" total="4" passed="4" failed="0" skipped="0">
  <reporter-output>
  </reporter-output>
  <suite started-at="2024-10-19T21:34:48 IST" name="Default suite" finished-at="2024-10-19T21:34:49 IST" duration-ms="739">
    <groups>
    </groups>
    <test started-at="2024-10-19T21:34:48 IST" name="Default test" finished-at="2024-10-19T21:34:49 IST" duration-ms="739">
      <class name="ExcelandTestNG.Dataprovider.excelTesNG">
        <test-method signature="getData(java.lang.String,java.lang.String,java.lang.String)[pri:0, instance:ExcelandTestNG.Dataprovider.excelTesNG@72bc6553]" started-at="2024-10-19T21:34:49 IST" name="getData" data-provider="sampledata" finished-at="2024-10-19T21:34:49 IST" duration-ms="16" status="PASS">
          <params>
            <param index="0">
              <value>
                <![CDATA[package]]>
              </value>
            </param>
            <param index="1">
              <value>
                <![CDATA[Dataone]]>
              </value>
            </param>
            <param index="2">
              <value>
                <![CDATA[Datatwo]]>
              </value>
            </param>
          </params>
          <reporter-output>
          </reporter-output>
        </test-method> <!-- getData -->
        <test-method signature="getData(java.lang.String,java.lang.String,java.lang.String)[pri:0, instance:ExcelandTestNG.Dataprovider.excelTesNG@72bc6553]" started-at="2024-10-19T21:34:49 IST" name="getData" data-provider="sampledata" finished-at="2024-10-19T21:34:49 IST" duration-ms="0" status="PASS">
          <params>
            <param index="0">
              <value>
                <![CDATA[24.1]]>
              </value>
            </param>
            <param index="1">
              <value>
                <![CDATA[dummyemailone]]>
              </value>
            </param>
            <param index="2">
              <value>
                <![CDATA[passwordone]]>
              </value>
            </param>
          </params>
          <reporter-output>
          </reporter-output>
        </test-method> <!-- getData -->
        <test-method signature="getData(java.lang.String,java.lang.String,java.lang.String)[pri:0, instance:ExcelandTestNG.Dataprovider.excelTesNG@72bc6553]" started-at="2024-10-19T21:34:49 IST" name="getData" data-provider="sampledata" finished-at="2024-10-19T21:34:49 IST" duration-ms="0" status="PASS">
          <params>
            <param index="0">
              <value>
                <![CDATA[24.2]]>
              </value>
            </param>
            <param index="1">
              <value>
                <![CDATA[dummyemailtwo]]>
              </value>
            </param>
            <param index="2">
              <value>
                <![CDATA[passwordtwo]]>
              </value>
            </param>
          </params>
          <reporter-output>
          </reporter-output>
        </test-method> <!-- getData -->
        <test-method signature="getData(java.lang.String,java.lang.String,java.lang.String)[pri:0, instance:ExcelandTestNG.Dataprovider.excelTesNG@72bc6553]" started-at="2024-10-19T21:34:49 IST" name="getData" data-provider="sampledata" finished-at="2024-10-19T21:34:49 IST" duration-ms="0" status="PASS">
          <params>
            <param index="0">
              <value>
                <![CDATA[23.2]]>
              </value>
            </param>
            <param index="1">
              <value>
                <![CDATA[dummyemailthree]]>
              </value>
            </param>
            <param index="2">
              <value>
                <![CDATA[passwordthree]]>
              </value>
            </param>
          </params>
          <reporter-output>
          </reporter-output>
        </test-method> <!-- getData -->
      </class> <!-- ExcelandTestNG.Dataprovider.excelTesNG -->
    </test> <!-- Default test -->
  </suite> <!-- Default suite -->
</testng-results>
