<?xml version="1.0" encoding="UTF-8"?>
<testng-results ignored="0" total="6" passed="6" failed="0" skipped="0">
  <reporter-output>
  </reporter-output>
  <suite started-at="2024-11-28T22:20:04 IST" name="Suite" finished-at="2024-11-28T22:20:04 IST" duration-ms="87">
    <groups>
    </groups>
    <test started-at="2024-11-28T22:20:04 IST" name="Test" finished-at="2024-11-28T22:20:04 IST" duration-ms="87">
      <class name="Madhavanacademy.MavenJava.mobileautomationTest">
        <test-method signature="nativeappAndriod()[pri:0, instance:Madhavanacademy.MavenJava.mobileautomationTest@209da20d]" started-at="2024-11-28T22:20:04 IST" name="nativeappAndriod" finished-at="2024-11-28T22:20:04 IST" duration-ms="1" status="PASS">
          <reporter-output>
          </reporter-output>
        </test-method> <!-- nativeappAndriod -->
        <test-method signature="nativeappIos()[pri:0, instance:Madhavanacademy.MavenJava.mobileautomationTest@209da20d]" started-at="2024-11-28T22:20:04 IST" name="nativeappIos" finished-at="2024-11-28T22:20:04 IST" duration-ms="3" status="PASS">
          <reporter-output>
          </reporter-output>
        </test-method> <!-- nativeappIos -->
      </class> <!-- Madhavanacademy.MavenJava.mobileautomationTest -->
      <class name="Madhavanacademy.MavenJava.RestAPITest">
        <test-method signature="deletetwitter()[pri:0, instance:Madhavanacademy.MavenJava.RestAPITest@3f6b0be5]" started-at="2024-11-28T22:20:04 IST" name="deletetwitter" finished-at="2024-11-28T22:20:04 IST" duration-ms="13" status="PASS">
          <reporter-output>
          </reporter-output>
        </test-method> <!-- deletetwitter -->
        <test-method signature="postJIRA()[pri:0, instance:Madhavanacademy.MavenJava.RestAPITest@3f6b0be5]" started-at="2024-11-28T22:20:04 IST" name="postJIRA" finished-at="2024-11-28T22:20:04 IST" duration-ms="1" status="PASS">
          <reporter-output>
          </reporter-output>
        </test-method> <!-- postJIRA -->
      </class> <!-- Madhavanacademy.MavenJava.RestAPITest -->
      <class name="Madhavanacademy.MavenJava.seleniumTest">
        <test-method signature="browserautomation()[pri:0, instance:Madhavanacademy.MavenJava.seleniumTest@e15b7e8]" started-at="2024-11-28T22:20:04 IST" name="browserautomation" finished-at="2024-11-28T22:20:04 IST" duration-ms="1" status="PASS">
          <reporter-output>
          </reporter-output>
        </test-method> <!-- browserautomation -->
        <test-method signature="elementsUi()[pri:0, instance:Madhavanacademy.MavenJava.seleniumTest@e15b7e8]" started-at="2024-11-28T22:20:04 IST" name="elementsUi" finished-at="2024-11-28T22:20:04 IST" duration-ms="1" status="PASS">
          <reporter-output>
          </reporter-output>
        </test-method> <!-- elementsUi -->
      </class> <!-- Madhavanacademy.MavenJava.seleniumTest -->
    </test> <!-- Test -->
  </suite> <!-- Suite -->
</testng-results>
