<?xml version="1.0" encoding="UTF-8"?>
<!-- Generated by org.testng.reporters.JUnitXMLReporter -->
<testsuite ignored="0" hostname="MPARTHA" failures="0" tests="6" name="Test" time="0.087" errors="0" timestamp="2024-11-28T22:20:04 IST">
  <testcase classname="Madhavanacademy.MavenJava.RestAPITest" name="deletetwitter" time="0.013"/>
  <testcase classname="Madhavanacademy.MavenJava.RestAPITest" name="postJIRA" time="0.001"/>
  <testcase classname="Madhavanacademy.MavenJava.mobileautomationTest" name="nativeappAndriod" time="0.001"/>
  <testcase classname="Madhavanacademy.MavenJava.mobileautomationTest" name="nativeappIos" time="0.003"/>
  <testcase classname="Madhavanacademy.MavenJava.seleniumTest" name="browserautomation" time="0.001"/>
  <testcase classname="Madhavanacademy.MavenJava.seleniumTest" name="elementsUi" time="0.001"/>
</testsuite> <!-- Test -->
