<?xml version="1.0" encoding="UTF-8"?>
<testng-results ignored="0" total="1" passed="1" failed="0" skipped="0">
  <reporter-output>
  </reporter-output>
  <suite started-at="2024-11-29T20:44:46 IST" name="Default suite" finished-at="2024-11-29T20:44:46 IST" duration-ms="105">
    <groups>
    </groups>
    <test started-at="2024-11-29T20:44:46 IST" name="Default test" finished-at="2024-11-29T20:44:46 IST" duration-ms="105">
      <class name="PTC.SMAX.dfgTest">
        <test-method signature="test1()[pri:0, instance:PTC.SMAX.dfgTest@65c7a252]" started-at="2024-11-29T20:44:46 IST" name="test1" finished-at="2024-11-29T20:44:46 IST" duration-ms="12" status="PASS">
          <reporter-output>
          </reporter-output>
        </test-method> <!-- test1 -->
      </class> <!-- PTC.SMAX.dfgTest -->
    </test> <!-- Default test -->
  </suite> <!-- Default suite -->
</testng-results>
