<?xml version="1.0" encoding="UTF-8"?>
<testng-results ignored="0" total="2" passed="2" failed="0" skipped="0">
  <reporter-output>
  </reporter-output>
  <suite started-at="2024-11-30T11:14:13 IST" name="Suite" finished-at="2024-11-30T11:14:13 IST" duration-ms="35">
    <groups>
    </groups>
    <test started-at="2024-11-30T11:14:13 IST" name="Test" finished-at="2024-11-30T11:14:13 IST" duration-ms="35">
      <class name="PTC.SMAX.YouTest">
        <test-method signature="test3()[pri:0, instance:PTC.SMAX.YouTest@28eaa59a]" started-at="2024-11-30T11:14:13 IST" name="test3" finished-at="2024-11-30T11:14:13 IST" duration-ms="0" status="PASS">
          <reporter-output>
          </reporter-output>
        </test-method> <!-- test3 -->
        <test-method signature="test4()[pri:0, instance:PTC.SMAX.YouTest@28eaa59a]" started-at="2024-11-30T11:14:13 IST" name="test4" finished-at="2024-11-30T11:14:13 IST" duration-ms="0" status="PASS">
          <reporter-output>
          </reporter-output>
        </test-method> <!-- test4 -->
      </class> <!-- PTC.SMAX.YouTest -->
    </test> <!-- Test -->
  </suite> <!-- Suite -->
</testng-results>
