<?xml version="1.0" encoding="UTF-8"?>
<!-- Generated by org.testng.reporters.JUnitXMLReporter -->
<testsuite ignored="0" hostname="MPARTHA" failures="0" tests="3" name="HomeLoan" time="0.064" errors="0" timestamp="2024-05-27T18:38:51 IST">
  <testcase classname="testpackage.Homeloan" name="LoginAPI" time="0.011"/>
  <testcase classname="testpackage.Homeloan" name="homemobileapp" time="0.001"/>
  <testcase classname="testpackage.Homeloan" name="homewebapp" time="0.003"/>
</testsuite> <!-- HomeLoan -->
