<?xml version="1.0" encoding="UTF-8"?>
<!-- Generated by org.testng.reporters.JUnitXMLReporter -->
<testsuite ignored="2" hostname="MPARTHA" failures="0" tests="1" name="Home Loan" time="0.005" errors="0" timestamp="2024-05-26T11:12:08 IST">
  <testcase classname="testpackage.Basic3" name="HomeAPI" time="0.001"/>
  <testcase classname="testpackage.Basic3" name="homewebapp" time="0.0">
    <ignored/>
  </testcase> <!-- homewebapp -->
  <testcase classname="testpackage.Basic3" name="homemobileapp" time="0.0">
    <ignored/>
  </testcase> <!-- homemobileapp -->
</testsuite> <!-- Home Loan -->
