<?xml version="1.0" encoding="UTF-8"?>
<!-- Generated by org.testng.reporters.JUnitXMLReporter -->
<testsuite ignored="0" hostname="MPARTHA" failures="0" tests="6" name="Test" time="0.067" errors="0" timestamp="2024-05-27T18:57:24 IST">
  <testcase classname="testpackage.Homeloan" name="LoginAPI" time="0.009"/>
  <testcase classname="testpackage.Homeloan" name="homemobileapp" time="0.001"/>
  <testcase classname="testpackage.Homeloan" name="homewebapp" time="0.002"/>
  <testcase classname="testpackage.Carloan" name="CarAPI" time="0.002"/>
  <testcase classname="testpackage.Carloan" name="Carweb" time="0.001"/>
  <testcase classname="testpackage.Carloan" name="mobileapp" time="0.002"/>
</testsuite> <!-- Test -->
